<?xml version="1.0" encoding="UTF-8"?>
<!-- Generated by org.testng.reporters.JUnitXMLReporter -->
<testsuite hostname="DESKTOP-P5SR7E9" ignored="0" name="Test" tests="2" failures="1" timestamp="13 Dec 2018 05:18:02 GMT" time="8.798" errors="0">
  <testcase name="testRegister" time="0.017" classname="automation.selenium.tests.RegisterTest">
    <failure type="java.lang.NullPointerException">
      <![CDATA[java.lang.NullPointerException
at automation.selenium.page.RegisterPage.register(RegisterPage.java:11)
at automation.selenium.tests.RegisterTest.testRegister(RegisterTest.java:12)
... Removed 25 stack frames]]>
    </failure>
  </testcase> <!-- testRegister -->
  <testcase name="testLogin" time="3.866" classname="automation.selenium.tests.LoginTest"/>
</testsuite> <!-- Test -->
