<?xml version="1.0" encoding="UTF-8"?>
<!-- Generated by org.testng.reporters.JUnitXMLReporter -->
<testsuite hostname="DESKTOP-P5SR7E9" ignored="0" name="Test" tests="4" failures="0" timestamp="2019-01-15T23:32:46 PST" time="25.997" errors="0">
  <testcase name="testRegister" time="1.651" classname="automation.selenium.tests.RegisterTest"/>
  <testcase name="testRegister" time="1.51" classname="automation.selenium.tests.RegisterTest"/>
  <testcase name="testLogin" time="3.902" classname="automation.selenium.tests.LoginTest"/>
  <testcase name="testBookFlight" time="5.875" classname="automation.selenium.tests.BookFlightTest"/>
</testsuite> <!-- Test -->
